<?xml version="1.0" encoding="UTF-8"?>
<testng-results ignored="1" total="3" passed="1" failed="1" skipped="0">
  <reporter-output>
  </reporter-output>
  <suite started-at="2022-10-02T10:48:06 CEST" name="All Test Suite" finished-at="2022-10-02T10:48:35 CEST" duration-ms="29360">
    <groups>
    </groups>
    <test started-at="2022-10-02T10:48:06 CEST" name="C:/testint/thimira2/shopapotheke-taf-core" finished-at="2022-10-02T10:48:35 CEST" duration-ms="29360">
      <class name="TestCases.SA_L_01">
        <test-method is-config="true" signature="beforeMethod(java.lang.String, java.lang.String)[pri:0, instance:TestCases.SA_L_01@78d6692f]" started-at="2022-10-02T10:48:06 CEST" name="beforeMethod" finished-at="2022-10-02T10:48:15 CEST" duration-ms="9143" status="PASS">
          <params>
            <param index="0">
              <value is-null="true"/>
            </param>
            <param index="1">
              <value is-null="true"/>
            </param>
          </params>
          <reporter-output>
          </reporter-output>
        </test-method> <!-- beforeMethod -->
        <test-method signature="verify_user_can_login_with_valid_credentials()[pri:0, instance:TestCases.SA_L_01@78d6692f]" started-at="2022-10-02T10:48:15 CEST" name="verify_user_can_login_with_valid_credentials" finished-at="2022-10-02T10:48:20 CEST" duration-ms="4819" status="PASS">
          <reporter-output>
          </reporter-output>
        </test-method> <!-- verify_user_can_login_with_valid_credentials -->
        <test-method is-config="true" signature="afterMethod()[pri:0, instance:TestCases.SA_L_01@78d6692f]" started-at="2022-10-02T10:48:21 CEST" name="afterMethod" finished-at="2022-10-02T10:48:21 CEST" duration-ms="491" status="PASS">
          <reporter-output>
          </reporter-output>
        </test-method> <!-- afterMethod -->
        <test-method is-config="true" signature="afterSuite()[pri:0, instance:TestCases.SA_L_01@78d6692f]" started-at="2022-10-02T10:48:35 CEST" name="afterSuite" finished-at="2022-10-02T10:48:35 CEST" duration-ms="1" status="PASS">
          <reporter-output>
          </reporter-output>
        </test-method> <!-- afterSuite -->
      </class> <!-- TestCases.SA_L_01 -->
      <class name="TestCases.SA_L_02">
        <test-method is-config="true" signature="beforeMethod(java.lang.String, java.lang.String)[pri:0, instance:TestCases.SA_L_02@7a55af6b]" started-at="2022-10-02T10:48:21 CEST" name="beforeMethod" finished-at="2022-10-02T10:48:28 CEST" duration-ms="6304" status="PASS">
          <params>
            <param index="0">
              <value is-null="true"/>
            </param>
            <param index="1">
              <value is-null="true"/>
            </param>
          </params>
          <reporter-output>
          </reporter-output>
        </test-method> <!-- beforeMethod -->
        <test-method signature="verify_user_can_not_login_with_invalid_credentials()[pri:0, instance:TestCases.SA_L_02@7a55af6b]" started-at="2022-10-02T10:48:28 CEST" name="verify_user_can_not_login_with_invalid_credentials" finished-at="2022-10-02T10:48:35 CEST" duration-ms="7315" status="FAIL">
          <exception class="com.shopapotheke.qa.taf.core.exceptions.AssertionException">
            <message>
              <![CDATA[[Verify: FAIL] Expected and Actual values NOT Matched. (Expected: '%s', Actual: '%s')Expected tittle is not visible expected [Mein Konto / Ihre Übersicht] but found [Anmelden]]]>
            </message>
            <full-stacktrace>
              <![CDATA[com.shopapotheke.qa.taf.core.exceptions.AssertionException: [Verify: FAIL] Expected and Actual values NOT Matched. (Expected: '%s', Actual: '%s')Expected tittle is not visible expected [Mein Konto / Ihre Übersicht] but found [Anmelden]
at com.shopapotheke.qa.taf.core.verifications.Verify.verifyEquals(Verify.java:37)
at com.shopapotheke.qa.taf.pageObjects.LoginPage.verifyWebSiteHeaderLabel(LoginPage.java:92)
at TestCases.SA_L_02.verify_user_can_not_login_with_invalid_credentials(SA_L_02.java:28)
at java.base/jdk.internal.reflect.NativeMethodAccessorImpl.invoke0(Native Method)
at java.base/jdk.internal.reflect.NativeMethodAccessorImpl.invoke(NativeMethodAccessorImpl.java:77)
at java.base/jdk.internal.reflect.DelegatingMethodAccessorImpl.invoke(DelegatingMethodAccessorImpl.java:43)
at java.base/java.lang.reflect.Method.invoke(Method.java:568)
at org.testng.internal.MethodInvocationHelper.invokeMethod(MethodInvocationHelper.java:134)
at org.testng.internal.TestInvoker.invokeMethod(TestInvoker.java:597)
at org.testng.internal.TestInvoker.invokeTestMethod(TestInvoker.java:173)
at org.testng.internal.MethodRunner.runInSequence(MethodRunner.java:46)
at org.testng.internal.TestInvoker$MethodInvocationAgent.invoke(TestInvoker.java:816)
at org.testng.internal.TestInvoker.invokeTestMethods(TestInvoker.java:146)
at org.testng.internal.TestMethodWorker.invokeTestMethods(TestMethodWorker.java:146)
at org.testng.internal.TestMethodWorker.run(TestMethodWorker.java:128)
at java.base/java.util.ArrayList.forEach(ArrayList.java:1511)
at org.testng.TestRunner.privateRun(TestRunner.java:766)
at org.testng.TestRunner.run(TestRunner.java:587)
at org.testng.SuiteRunner.runTest(SuiteRunner.java:384)
at org.testng.SuiteRunner.runSequentially(SuiteRunner.java:378)
at org.testng.SuiteRunner.privateRun(SuiteRunner.java:337)
at org.testng.SuiteRunner.run(SuiteRunner.java:286)
at org.testng.SuiteRunnerWorker.runSuite(SuiteRunnerWorker.java:53)
at org.testng.SuiteRunnerWorker.run(SuiteRunnerWorker.java:96)
at org.testng.TestNG.runSuitesSequentially(TestNG.java:1187)
at org.testng.TestNG.runSuitesLocally(TestNG.java:1109)
at org.testng.TestNG.runSuites(TestNG.java:1039)
at org.testng.TestNG.run(TestNG.java:1007)
at org.apache.maven.surefire.testng.TestNGExecutor.run(TestNGExecutor.java:295)
at org.apache.maven.surefire.testng.TestNGXmlTestSuite.execute(TestNGXmlTestSuite.java:84)
at org.apache.maven.surefire.testng.TestNGProvider.invoke(TestNGProvider.java:90)
at org.apache.maven.surefire.booter.ForkedBooter.invokeProviderInSameClassLoader(ForkedBooter.java:203)
at org.apache.maven.surefire.booter.ForkedBooter.runSuitesInProcess(ForkedBooter.java:155)
at org.apache.maven.surefire.booter.ForkedBooter.main(ForkedBooter.java:103)
]]>
            </full-stacktrace>
          </exception> <!-- com.shopapotheke.qa.taf.core.exceptions.AssertionException -->
          <reporter-output>
          </reporter-output>
        </test-method> <!-- verify_user_can_not_login_with_invalid_credentials -->
        <test-method is-config="true" signature="afterMethod()[pri:0, instance:TestCases.SA_L_02@7a55af6b]" started-at="2022-10-02T10:48:35 CEST" name="afterMethod" finished-at="2022-10-02T10:48:35 CEST" duration-ms="342" status="PASS">
          <reporter-output>
          </reporter-output>
        </test-method> <!-- afterMethod -->
      </class> <!-- TestCases.SA_L_02 -->
    </test> <!-- C:/testint/thimira2/shopapotheke-taf-core -->
  </suite> <!-- All Test Suite -->
</testng-results>
